

Started GET "/" for ::1 at 2016-12-02 14:32:18 +0900


Started GET "/toppage/index" for ::1 at 2016-12-02 14:32:19 +0900
Processing by ToppageController#index as HTML
  Rendered toppage/index.html.erb within layouts/application (8.0ms)
  Rendered templete/_menu.html.erb (2.0ms)
Completed 200 OK in 4056ms (Views: 4016.8ms | ActiveRecord: 0.0ms)


Started GET "/" for ::1 at 2016-12-02 14:39:45 +0900


Started GET "/toppage/index" for ::1 at 2016-12-02 14:39:45 +0900
Processing by ToppageController#index as HTML
  Rendered toppage/index.html.erb within layouts/application (8.0ms)
  Rendered templete/_menu.html.erb (1.0ms)
Completed 200 OK in 1229ms (Views: 1187.9ms | ActiveRecord: 0.0ms)


Started GET "/" for ::1 at 2016-12-02 14:44:24 +0900
  [1m[36mActiveRecord::SchemaMigration Load (1.0ms)[0m  [1mSELECT "schema_migrations".* FROM "schema_migrations"[0m


Started GET "/" for ::1 at 2016-12-02 14:44:25 +0900


Started GET "/toppage/index" for ::1 at 2016-12-02 14:44:25 +0900
Processing by ToppageController#index as HTML
  Rendered toppage/index.html.erb within layouts/application (9.0ms)
  Rendered templete/_menu.html.erb (1.0ms)
Completed 200 OK in 2249ms (Views: 2208.7ms | ActiveRecord: 0.0ms)


Started GET "/events/show" for ::1 at 2016-12-02 14:45:22 +0900
Processing by EventsController#show as HTML
  Parameters: {"id"=>"show"}
  Rendered events/show.html.erb within layouts/application (0.0ms)
  Rendered templete/_menu.html.erb (0.0ms)
Completed 200 OK in 442ms (Views: 439.2ms | ActiveRecord: 0.0ms)
